<?xml version="1.0" encoding="UTF-8"?>
<!-- Generated by org.testng.reporters.JUnitXMLReporter -->
<testsuite ignored="0" hostname="RUPALI" failures="0" tests="4" name="Test" time="109.362" errors="0" timestamp="2024-09-10T14:26:52 IST">
  <testcase classname="test.SignUpPageTest" name="loginTest" time="12.111"/>
  <testcase classname="test.LoginPageTest" name="LoginPageTest" time="10.102"/>
  <testcase classname="test.UnsucessfulLoginPageTest" name="UnsucessfulLoginPageTest" time="9.823"/>
  <testcase classname="test.EmptyOrSpecialCharacterLoginPageTest" name="LoginPageTest" time="13.52"/>
</testsuite> <!-- Test -->
