<?xml version="1.0" encoding="UTF-8"?>
<testng-results ignored="0" total="4" passed="4" failed="0" skipped="0">
  <reporter-output>
  </reporter-output>
  <suite started-at="2024-09-10T14:25:02 IST" name="Suite" finished-at="2024-09-10T14:26:51 IST" duration-ms="109362">
    <groups>
    </groups>
    <test started-at="2024-09-10T14:25:02 IST" name="Test" finished-at="2024-09-10T14:26:51 IST" duration-ms="109362">
      <class name="test.EmptyOrSpecialCharacterLoginPageTest">
        <test-method is-config="true" signature="setup()[pri:0, instance:test.EmptyOrSpecialCharacterLoginPageTest@3b6ddd1d]" started-at="2024-09-10T14:26:07 IST" name="setup" finished-at="2024-09-10T14:26:38 IST" duration-ms="30494" status="PASS">
          <reporter-output>
          </reporter-output>
        </test-method> <!-- setup -->
        <test-method signature="LoginPageTest()[pri:0, instance:test.EmptyOrSpecialCharacterLoginPageTest@3b6ddd1d]" started-at="2024-09-10T14:26:38 IST" name="LoginPageTest" finished-at="2024-09-10T14:26:51 IST" duration-ms="13520" status="PASS">
          <reporter-output>
          </reporter-output>
        </test-method> <!-- LoginPageTest -->
      </class> <!-- test.EmptyOrSpecialCharacterLoginPageTest -->
      <class name="test.UnsucessfulLoginPageTest">
        <test-method is-config="true" signature="setup()[pri:0, instance:test.UnsucessfulLoginPageTest@6283d8b8]" started-at="2024-09-10T14:25:46 IST" name="setup" finished-at="2024-09-10T14:25:57 IST" duration-ms="11349" status="PASS">
          <reporter-output>
          </reporter-output>
        </test-method> <!-- setup -->
        <test-method signature="UnsucessfulLoginPageTest()[pri:0, instance:test.UnsucessfulLoginPageTest@6283d8b8]" started-at="2024-09-10T14:25:57 IST" name="UnsucessfulLoginPageTest" finished-at="2024-09-10T14:26:07 IST" duration-ms="9823" status="PASS">
          <reporter-output>
          </reporter-output>
        </test-method> <!-- UnsucessfulLoginPageTest -->
      </class> <!-- test.UnsucessfulLoginPageTest -->
      <class name="test.LoginPageTest">
        <test-method is-config="true" signature="setup()[pri:0, instance:test.LoginPageTest@22ef9844]" started-at="2024-09-10T14:25:26 IST" name="setup" finished-at="2024-09-10T14:25:36 IST" duration-ms="10050" status="PASS">
          <reporter-output>
          </reporter-output>
        </test-method> <!-- setup -->
        <test-method signature="LoginPageTest()[pri:0, instance:test.LoginPageTest@22ef9844]" started-at="2024-09-10T14:25:36 IST" name="LoginPageTest" finished-at="2024-09-10T14:25:46 IST" duration-ms="10102" status="PASS">
          <reporter-output>
          </reporter-output>
        </test-method> <!-- LoginPageTest -->
      </class> <!-- test.LoginPageTest -->
      <class name="test.SignUpPageTest">
        <test-method is-config="true" signature="setup()[pri:0, instance:test.SignUpPageTest@47987356]" started-at="2024-09-10T14:25:02 IST" name="setup" finished-at="2024-09-10T14:25:14 IST" duration-ms="11703" status="PASS">
          <reporter-output>
          </reporter-output>
        </test-method> <!-- setup -->
        <test-method signature="loginTest()[pri:0, instance:test.SignUpPageTest@47987356]" started-at="2024-09-10T14:25:14 IST" name="loginTest" finished-at="2024-09-10T14:25:26 IST" duration-ms="12111" status="PASS">
          <reporter-output>
          </reporter-output>
        </test-method> <!-- loginTest -->
      </class> <!-- test.SignUpPageTest -->
    </test> <!-- Test -->
  </suite> <!-- Suite -->
</testng-results>
